[debug] [2019-05-13T10:36:04.110Z] ----------------------------------------------------------------------
[debug] [2019-05-13T10:36:04.112Z] Command:       /usr/local/Cellar/node@8/8.16.0/bin/node /usr/local/bin/firebase deploy
[debug] [2019-05-13T10:36:04.112Z] CLI Version:   3.17.4
[debug] [2019-05-13T10:36:04.112Z] Platform:      darwin
[debug] [2019-05-13T10:36:04.112Z] Node Version:  v8.16.0
[debug] [2019-05-13T10:36:04.118Z] Time:          Mon May 13 2019 17:36:04 GMT+0700 (+07)
[debug] [2019-05-13T10:36:04.118Z] ----------------------------------------------------------------------
[debug] 
[debug] [2019-05-13T10:36:04.130Z] > command requires scopes: ["email","openid","https://www.googleapis.com/auth/cloudplatformprojects.readonly","https://www.googleapis.com/auth/firebase","https://www.googleapis.com/auth/cloud-platform"]
[debug] [2019-05-13T10:36:04.130Z] > authorizing via signed-in user
[debug] [2019-05-13T10:36:04.132Z] >>> HTTP REQUEST GET https://admin.firebase.com/v1/projects/test-func-d27c6  
  
 Mon May 13 2019 17:36:04 GMT+0700 (+07)
[debug] [2019-05-13T10:36:06.366Z] <<< HTTP RESPONSE 200
[debug] [2019-05-13T10:36:06.367Z] >>> HTTP REQUEST GET https://admin.firebase.com/v1/database/test-func-d27c6/tokens  
  
 Mon May 13 2019 17:36:06 GMT+0700 (+07)
[debug] [2019-05-13T10:36:46.268Z] <<< HTTP RESPONSE 200
[info] 
[info] === Deploying to 'test-func-d27c6'...
[info] 
[info] i  deploying functions
[info] Running command: npm --prefix $RESOURCE_DIR run lint
[info] ✔  functions: Finished running predeploy script.
[debug] [2019-05-13T10:36:52.434Z] > [functions] package.json contents: {
  "name": "functions",
  "description": "Cloud Functions for Firebase",
  "scripts": {
    "lint": "./node_modules/.bin/eslint .",
    "serve": "firebase serve --only functions",
    "shell": "firebase experimental:functions:shell",
    "start": "npm run shell",
    "deploy": "firebase deploy --only functions",
    "logs": "firebase functions:log"
  },
  "dependencies": {
    "@moltin/request": "^1.6.1",
    "firebase-admin": "latest",
    "firebase-functions": "latest"
  },
  "devDependencies": {
    "eslint": "^4.12.0",
    "eslint-plugin-promise": "^3.6.0"
  },
  "private": true
}
[info] i  functions: ensuring necessary APIs are enabled...
[debug] [2019-05-13T10:36:52.435Z] > refreshing access token with scopes: ["email","https://www.googleapis.com/auth/cloud-platform","https://www.googleapis.com/auth/cloudplatformprojects.readonly","https://www.googleapis.com/auth/firebase","openid"]
[debug] [2019-05-13T10:36:52.436Z] >>> HTTP REQUEST POST https://www.googleapis.com/oauth2/v3/token  
 { refresh_token: '1/oEC1uawiNsjnUI5wqcWlLeaz0J6r11aUpKyLp_8qXCk',
  client_id: '563584335869-fgrhgmd47bqnekij5i8b5pr03ho849e6.apps.googleusercontent.com',
  client_secret: 'j9iVZfS8kkCEFUPaAeJV0sAi',
  grant_type: 'refresh_token',
  scope: 'email https://www.googleapis.com/auth/cloud-platform https://www.googleapis.com/auth/cloudplatformprojects.readonly https://www.googleapis.com/auth/firebase openid' } 
 Mon May 13 2019 17:36:52 GMT+0700 (+07)
[debug] [2019-05-13T10:36:52.441Z] > refreshing access token with scopes: ["email","https://www.googleapis.com/auth/cloud-platform","https://www.googleapis.com/auth/cloudplatformprojects.readonly","https://www.googleapis.com/auth/firebase","openid"]
[debug] [2019-05-13T10:36:52.441Z] >>> HTTP REQUEST POST https://www.googleapis.com/oauth2/v3/token  
 { refresh_token: '1/oEC1uawiNsjnUI5wqcWlLeaz0J6r11aUpKyLp_8qXCk',
  client_id: '563584335869-fgrhgmd47bqnekij5i8b5pr03ho849e6.apps.googleusercontent.com',
  client_secret: 'j9iVZfS8kkCEFUPaAeJV0sAi',
  grant_type: 'refresh_token',
  scope: 'email https://www.googleapis.com/auth/cloud-platform https://www.googleapis.com/auth/cloudplatformprojects.readonly https://www.googleapis.com/auth/firebase openid' } 
 Mon May 13 2019 17:36:52 GMT+0700 (+07)
[debug] [2019-05-13T10:36:52.635Z] <<< HTTP RESPONSE 200
[debug] [2019-05-13T10:36:52.658Z] >>> HTTP REQUEST GET https://servicemanagement.googleapis.com/v1/services/cloudfunctions.googleapis.com/projectSettings/test-func-d27c6?view=CONSUMER_VIEW  
  
 Mon May 13 2019 17:36:52 GMT+0700 (+07)
[debug] [2019-05-13T10:36:52.659Z] <<< HTTP RESPONSE 200
[debug] [2019-05-13T10:36:52.676Z] >>> HTTP REQUEST GET https://servicemanagement.googleapis.com/v1/services/runtimeconfig.googleapis.com/projectSettings/test-func-d27c6?view=CONSUMER_VIEW  
  
 Mon May 13 2019 17:36:52 GMT+0700 (+07)
[debug] [2019-05-13T10:36:54.705Z] <<< HTTP RESPONSE 200
[debug] [2019-05-13T10:36:54.769Z] <<< HTTP RESPONSE 200
[info] ✔  functions: all necessary APIs are enabled
[debug] [2019-05-13T10:36:54.771Z] >>> HTTP REQUEST GET https://appengine.googleapis.com/v1/apps/test-func-d27c6  
  
 Mon May 13 2019 17:36:54 GMT+0700 (+07)
[debug] [2019-05-13T10:36:54.771Z] >>> HTTP REQUEST GET https://apikeys.googleapis.com/v1/projects/test-func-d27c6/apiKeys  
  
 Mon May 13 2019 17:36:54 GMT+0700 (+07)
[debug] [2019-05-13T10:36:56.507Z] <<< HTTP RESPONSE 200
[debug] [2019-05-13T10:36:56.509Z] <<< HTTP RESPONSE 200
[info] i  functions: preparing functions directory for uploading...
[debug] [2019-05-13T10:36:56.510Z] >>> HTTP REQUEST GET https://runtimeconfig.googleapis.com/v1beta1/projects/test-func-d27c6/configs  
  
 Mon May 13 2019 17:36:56 GMT+0700 (+07)
[debug] [2019-05-13T10:36:56.918Z] <<< HTTP RESPONSE 200
[info] i  functions: packaged functions (39.04 KB) for uploading
[debug] [2019-05-13T10:36:57.134Z] >>> HTTP REQUEST GET https://www.googleapis.com/storage/v1/b/staging.test-func-d27c6.appspot.com  
  
 Mon May 13 2019 17:36:57 GMT+0700 (+07)
[debug] [2019-05-13T10:36:57.532Z] <<< HTTP RESPONSE 200
[debug] [2019-05-13T10:36:57.534Z] >>> HTTP REQUEST POST https://www.googleapis.com/upload/storage/v1/b/staging.test-func-d27c6.appspot.com/o?uploadType=media&name=firebase-functions-source  
 ReadStream {
  _readableState: 
   ReadableState {
     objectMode: false,
     highWaterMark: 65536,
     buffer: BufferList { head: [Object], tail: [Object], length: 1 },
     length: 39973,
     pipes: null,
     pipesCount: 0,
     flowing: null,
     ended: true,
     endEmitted: false,
     reading: false,
     sync: false,
     needReadable: false,
     emittedReadable: true,
     readableListening: false,
     resumeScheduled: false,
     destroyed: false,
     defaultEncoding: 'utf8',
     awaitDrain: 0,
     readingMore: false,
     decoder: null,
     encoding: null },
  readable: true,
  domain: null,
  _events: { end: [Function] },
  _eventsCount: 1,
  _maxListeners: undefined,
  path: '/var/folders/fm/nw2rpb8d1fd050dq7qm3lzc40000gn/T/firebase-functions-23770VIsMaRxMGT93.zip',
  fd: 19,
  flags: 'r',
  mode: 438,
  start: undefined,
  end: Infinity,
  autoClose: true,
  pos: undefined,
  bytesRead: 39973 } 
 Mon May 13 2019 17:36:57 GMT+0700 (+07)
[debug] [2019-05-13T10:36:58.255Z] <<< HTTP RESPONSE 200
[info] ✔  functions: functions folder uploaded successfully
[debug] [2019-05-13T10:36:58.256Z] >>> HTTP REQUEST GET https://cloudfunctions.googleapis.com/v1/projects/test-func-d27c6/locations/us-central1/functions  
  
 Mon May 13 2019 17:36:58 GMT+0700 (+07)
[debug] [2019-05-13T10:36:59.068Z] <<< HTTP RESPONSE 200
[info] i  functions: creating function moltin...
[debug] [2019-05-13T10:36:59.071Z] Trigger is:  {"httpsTrigger":{}}
[info] i  functions: updating function helloWorld...
[debug] [2019-05-13T10:36:59.071Z] Trigger is:  {"httpsTrigger":{}}
[info] i  functions: updating function moltinPayment...
[debug] [2019-05-13T10:36:59.071Z] Trigger is:  {"httpsTrigger":{}}
[debug] [2019-05-13T10:36:59.074Z] >>> HTTP REQUEST POST https://cloudfunctions.googleapis.com/v1/projects/test-func-d27c6/locations/us-central1/functions  
 { sourceArchiveUrl: 'gs://staging.test-func-d27c6.appspot.com/firebase-functions-source',
  name: 'projects/test-func-d27c6/locations/us-central1/functions/moltin',
  entryPoint: 'moltin',
  labels: { 'deployment-tool': 'cli-firebase' },
  httpsTrigger: {} } 
 Mon May 13 2019 17:36:59 GMT+0700 (+07)
[debug] [2019-05-13T10:36:59.075Z] >>> HTTP REQUEST PATCH https://cloudfunctions.googleapis.com/v1/projects/test-func-d27c6/locations/us-central1/functions/helloWorld 
query params: {"updateMask":"sourceArchiveUrl,name,labels,httpsTrigger"} 
 { sourceArchiveUrl: 'gs://staging.test-func-d27c6.appspot.com/firebase-functions-source',
  name: 'projects/test-func-d27c6/locations/us-central1/functions/helloWorld',
  labels: { 'deployment-tool': 'cli-firebase' },
  httpsTrigger: {} } 
 Mon May 13 2019 17:36:59 GMT+0700 (+07)
[debug] [2019-05-13T10:36:59.076Z] >>> HTTP REQUEST PATCH https://cloudfunctions.googleapis.com/v1/projects/test-func-d27c6/locations/us-central1/functions/moltinPayment 
query params: {"updateMask":"sourceArchiveUrl,name,labels,httpsTrigger"} 
 { sourceArchiveUrl: 'gs://staging.test-func-d27c6.appspot.com/firebase-functions-source',
  name: 'projects/test-func-d27c6/locations/us-central1/functions/moltinPayment',
  labels: { 'deployment-tool': 'cli-firebase' },
  httpsTrigger: {} } 
 Mon May 13 2019 17:36:59 GMT+0700 (+07)
[debug] [2019-05-13T10:36:59.512Z] <<< HTTP RESPONSE 400
[debug] [2019-05-13T10:36:59.512Z] <<< HTTP RESPONSE BODY
[warn] ⚠  functions: failed to create function moltin
[info] HTTP Error: 400, The request has errors
[debug] [2019-05-13T10:36:59.876Z] <<< HTTP RESPONSE 200
[debug] [2019-05-13T10:36:59.915Z] <<< HTTP RESPONSE 200
[debug] [2019-05-13T10:36:59.917Z] >>> HTTP REQUEST GET https://cloudfunctions.googleapis.com/v1/projects/test-func-d27c6/locations/us-central1/functions  
  
 Mon May 13 2019 17:36:59 GMT+0700 (+07)
[debug] [2019-05-13T10:37:00.669Z] <<< HTTP RESPONSE 200
[debug] [2019-05-13T10:37:00.671Z] >>> HTTP REQUEST GET https://cloudfunctions.googleapis.com/v1/operations/dGVzdC1mdW5jLWQyN2M2L3VzLWNlbnRyYWwxL2hlbGxvV29ybGQvN01XMERPb2ZzU28  
  
 Mon May 13 2019 17:37:00 GMT+0700 (+07)
[debug] [2019-05-13T10:37:00.671Z] >>> HTTP REQUEST GET https://cloudfunctions.googleapis.com/v1/operations/dGVzdC1mdW5jLWQyN2M2L3VzLWNlbnRyYWwxL21vbHRpblBheW1lbnQvekN1bUxDWHFxRkk  
  
 Mon May 13 2019 17:37:00 GMT+0700 (+07)
[debug] [2019-05-13T10:37:01.423Z] <<< HTTP RESPONSE 200
[debug] [2019-05-13T10:37:01.424Z] <<< HTTP RESPONSE 200
[debug] [2019-05-13T10:37:03.430Z] >>> HTTP REQUEST GET https://cloudfunctions.googleapis.com/v1/operations/dGVzdC1mdW5jLWQyN2M2L3VzLWNlbnRyYWwxL21vbHRpblBheW1lbnQvekN1bUxDWHFxRkk  
  
 Mon May 13 2019 17:37:03 GMT+0700 (+07)
[debug] [2019-05-13T10:37:03.430Z] >>> HTTP REQUEST GET https://cloudfunctions.googleapis.com/v1/operations/dGVzdC1mdW5jLWQyN2M2L3VzLWNlbnRyYWwxL2hlbGxvV29ybGQvN01XMERPb2ZzU28  
  
 Mon May 13 2019 17:37:03 GMT+0700 (+07)
[debug] [2019-05-13T10:37:04.189Z] <<< HTTP RESPONSE 200
[debug] [2019-05-13T10:37:04.189Z] <<< HTTP RESPONSE 200
[debug] [2019-05-13T10:37:06.196Z] >>> HTTP REQUEST GET https://cloudfunctions.googleapis.com/v1/operations/dGVzdC1mdW5jLWQyN2M2L3VzLWNlbnRyYWwxL21vbHRpblBheW1lbnQvekN1bUxDWHFxRkk  
  
 Mon May 13 2019 17:37:06 GMT+0700 (+07)
[debug] [2019-05-13T10:37:06.196Z] >>> HTTP REQUEST GET https://cloudfunctions.googleapis.com/v1/operations/dGVzdC1mdW5jLWQyN2M2L3VzLWNlbnRyYWwxL2hlbGxvV29ybGQvN01XMERPb2ZzU28  
  
 Mon May 13 2019 17:37:06 GMT+0700 (+07)
[debug] [2019-05-13T10:37:06.645Z] <<< HTTP RESPONSE 200
[debug] [2019-05-13T10:37:06.953Z] <<< HTTP RESPONSE 200
[debug] [2019-05-13T10:37:08.651Z] >>> HTTP REQUEST GET https://cloudfunctions.googleapis.com/v1/operations/dGVzdC1mdW5jLWQyN2M2L3VzLWNlbnRyYWwxL2hlbGxvV29ybGQvN01XMERPb2ZzU28  
  
 Mon May 13 2019 17:37:08 GMT+0700 (+07)
[debug] [2019-05-13T10:37:08.955Z] >>> HTTP REQUEST GET https://cloudfunctions.googleapis.com/v1/operations/dGVzdC1mdW5jLWQyN2M2L3VzLWNlbnRyYWwxL21vbHRpblBheW1lbnQvekN1bUxDWHFxRkk  
  
 Mon May 13 2019 17:37:08 GMT+0700 (+07)
[debug] [2019-05-13T10:37:09.016Z] <<< HTTP RESPONSE 200
[debug] [2019-05-13T10:37:09.724Z] <<< HTTP RESPONSE 200
[debug] [2019-05-13T10:37:11.019Z] >>> HTTP REQUEST GET https://cloudfunctions.googleapis.com/v1/operations/dGVzdC1mdW5jLWQyN2M2L3VzLWNlbnRyYWwxL2hlbGxvV29ybGQvN01XMERPb2ZzU28  
  
 Mon May 13 2019 17:37:11 GMT+0700 (+07)
[debug] [2019-05-13T10:37:11.730Z] >>> HTTP REQUEST GET https://cloudfunctions.googleapis.com/v1/operations/dGVzdC1mdW5jLWQyN2M2L3VzLWNlbnRyYWwxL21vbHRpblBheW1lbnQvekN1bUxDWHFxRkk  
  
 Mon May 13 2019 17:37:11 GMT+0700 (+07)
[debug] [2019-05-13T10:37:11.741Z] <<< HTTP RESPONSE 200
[debug] [2019-05-13T10:37:12.417Z] <<< HTTP RESPONSE 200
[debug] [2019-05-13T10:37:13.747Z] >>> HTTP REQUEST GET https://cloudfunctions.googleapis.com/v1/operations/dGVzdC1mdW5jLWQyN2M2L3VzLWNlbnRyYWwxL2hlbGxvV29ybGQvN01XMERPb2ZzU28  
  
 Mon May 13 2019 17:37:13 GMT+0700 (+07)
[debug] [2019-05-13T10:37:14.126Z] <<< HTTP RESPONSE 200
[debug] [2019-05-13T10:37:14.418Z] >>> HTTP REQUEST GET https://cloudfunctions.googleapis.com/v1/operations/dGVzdC1mdW5jLWQyN2M2L3VzLWNlbnRyYWwxL21vbHRpblBheW1lbnQvekN1bUxDWHFxRkk  
  
 Mon May 13 2019 17:37:14 GMT+0700 (+07)
[debug] [2019-05-13T10:37:15.144Z] <<< HTTP RESPONSE 200
[debug] [2019-05-13T10:37:16.128Z] >>> HTTP REQUEST GET https://cloudfunctions.googleapis.com/v1/operations/dGVzdC1mdW5jLWQyN2M2L3VzLWNlbnRyYWwxL2hlbGxvV29ybGQvN01XMERPb2ZzU28  
  
 Mon May 13 2019 17:37:16 GMT+0700 (+07)
[debug] [2019-05-13T10:37:16.894Z] <<< HTTP RESPONSE 200
[debug] [2019-05-13T10:37:17.145Z] >>> HTTP REQUEST GET https://cloudfunctions.googleapis.com/v1/operations/dGVzdC1mdW5jLWQyN2M2L3VzLWNlbnRyYWwxL21vbHRpblBheW1lbnQvekN1bUxDWHFxRkk  
  
 Mon May 13 2019 17:37:17 GMT+0700 (+07)
[debug] [2019-05-13T10:37:18.012Z] <<< HTTP RESPONSE 200
[debug] [2019-05-13T10:37:18.897Z] >>> HTTP REQUEST GET https://cloudfunctions.googleapis.com/v1/operations/dGVzdC1mdW5jLWQyN2M2L3VzLWNlbnRyYWwxL2hlbGxvV29ybGQvN01XMERPb2ZzU28  
  
 Mon May 13 2019 17:37:18 GMT+0700 (+07)
[debug] [2019-05-13T10:37:19.650Z] <<< HTTP RESPONSE 200
[debug] [2019-05-13T10:37:20.015Z] >>> HTTP REQUEST GET https://cloudfunctions.googleapis.com/v1/operations/dGVzdC1mdW5jLWQyN2M2L3VzLWNlbnRyYWwxL21vbHRpblBheW1lbnQvekN1bUxDWHFxRkk  
  
 Mon May 13 2019 17:37:20 GMT+0700 (+07)
[debug] [2019-05-13T10:37:20.772Z] <<< HTTP RESPONSE 200
